<?xml version="1.0" encoding="UTF-8"?>
<!-- Generated by org.testng.reporters.JUnitReportReporter -->
<testsuite hostname="LAPTOP-GUR51I14" name="SONI.Assignment1.GoogleSearchPage" tests="1" failures="0" timestamp="20 Apr 2019 15:45:49 GMT" time="50.164" errors="0">
  <testcase name="searchurl" time="50.164" classname="SONI.Assignment1.GoogleSearchPage"/>
</testsuite> <!-- SONI.Assignment1.GoogleSearchPage -->
